<?xml version="1.0" encoding="UTF-8"?>
<!-- Generated by org.testng.reporters.JUnitReportReporter -->
<testsuite hostname="DESKTOP-QI2VJ85" failures="0" tests="1" name="com.google.tests.GoogleHomePageTest" time="0.020" errors="0" timestamp="2024-07-21T02:19:21 IST" skipped="0">
  <testcase classname="com.google.tests.GoogleHomePageTest" name="testGoogleHomePage" time="0.020"/>
  <system-out/>
</testsuite> <!-- com.google.tests.GoogleHomePageTest -->
